<?xml version="1.0" encoding="UTF-8"?>
<!-- Generated by org.testng.reporters.JUnitXMLReporter -->
<testsuite ignored="0" hostname="Saranya" failures="0" tests="7" name="Test" time="5.513" errors="0" timestamp="2025-03-24T10:24:51 IST">
  <testcase classname="com.expleo.Air_irctc.NewTest5" name="@BeforeTest beforeTest" time="0.001">
    <failure type="org.openqa.selenium.remote.NoSuchDriverException" message="chromedriver located at path/to/chromedriver, but invalid
For documentation on this error, please visit: https://www.selenium.dev/documentation/webdriver/troubleshooting/errors/driver_location/
Build info: version: &amp;apos;4.12.1&amp;apos;, revision: &amp;apos;8e34639b11&amp;apos;
System info: os.name: &amp;apos;Windows 11&amp;apos;, os.arch: &amp;apos;amd64&amp;apos;, os.version: &amp;apos;10.0&amp;apos;, java.version: &amp;apos;17.0.10&amp;apos;
Driver info: driver.version: ChromeDriver">
      <![CDATA[org.openqa.selenium.remote.NoSuchDriverException: chromedriver located at path/to/chromedriver, but invalid
For documentation on this error, please visit: https://www.selenium.dev/documentation/webdriver/troubleshooting/errors/driver_location/
Build info: version: '4.12.1', revision: '8e34639b11'
System info: os.name: 'Windows 11', os.arch: 'amd64', os.version: '10.0', java.version: '17.0.10'
Driver info: driver.version: ChromeDriver
at org.openqa.selenium.remote.service.DriverFinder.getPath(DriverFinder.java:45)
at org.openqa.selenium.remote.service.DriverFinder.getPath(DriverFinder.java:13)
at org.openqa.selenium.chrome.ChromeDriver.generateExecutor(ChromeDriver.java:99)
at org.openqa.selenium.chrome.ChromeDriver.<init>(ChromeDriver.java:88)
at org.openqa.selenium.chrome.ChromeDriver.<init>(ChromeDriver.java:83)
at org.openqa.selenium.chrome.ChromeDriver.<init>(ChromeDriver.java:51)
at com.expleo.Air_irctc.NewTest5.beforeTest(NewTest5.java:41)
... Removed 24 stack frames]]>
    </failure>
  </testcase> <!-- @BeforeTest beforeTest -->
  <testcase classname="com.expleo.Air_irctc.NewTestMain" name="@BeforeTest setUp" time="0.0">
    <skipped/>
  </testcase> <!-- @BeforeTest setUp -->
  <testcase classname="com.expleo.Air_irctc.NewTest2" name="@BeforeClass beforeClass" time="0.0">
    <skipped/>
  </testcase> <!-- @BeforeClass beforeClass -->
  <testcase classname="com.expleo.Air_irctc.NewTest2" name="@BeforeMethod beforeMethod" time="0.0">
    <skipped/>
  </testcase> <!-- @BeforeMethod beforeMethod -->
  <testcase classname="com.expleo.Air_irctc.NewTest2" name="@AfterMethod afterMethod" time="0.0">
    <skipped/>
  </testcase> <!-- @AfterMethod afterMethod -->
  <testcase classname="com.expleo.Air_irctc.NewTest2" name="@BeforeMethod beforeMethod" time="0.0">
    <skipped/>
  </testcase> <!-- @BeforeMethod beforeMethod -->
  <testcase classname="com.expleo.Air_irctc.NewTest2" name="@AfterMethod afterMethod" time="0.0">
    <skipped/>
  </testcase> <!-- @AfterMethod afterMethod -->
  <testcase classname="com.expleo.Air_irctc.NewTest2" name="@AfterClass afterClass" time="0.0">
    <skipped/>
  </testcase> <!-- @AfterClass afterClass -->
  <testcase classname="com.expleo.Air_irctc.NewTest3" name="@BeforeMethod beforeMethod" time="0.0">
    <skipped/>
  </testcase> <!-- @BeforeMethod beforeMethod -->
  <testcase classname="com.expleo.Air_irctc.NewTest3" name="@AfterMethod afterMethod" time="0.0">
    <skipped/>
  </testcase> <!-- @AfterMethod afterMethod -->
  <testcase classname="com.expleo.Air_irctc.NewTest" name="@AfterTest afterTest" time="0.0">
    <skipped/>
  </testcase> <!-- @AfterTest afterTest -->
  <testcase classname="com.expleo.Air_irctc.NewTest1" name="@AfterTest tearDown" time="0.0">
    <skipped/>
  </testcase> <!-- @AfterTest tearDown -->
  <testcase classname="com.expleo.Air_irctc.NewTest2" name="@AfterTest afterTest" time="0.0">
    <skipped/>
  </testcase> <!-- @AfterTest afterTest -->
  <testcase classname="com.expleo.Air_irctc.NewTest5" name="@AfterTest afterTest" time="0.0">
    <skipped/>
  </testcase> <!-- @AfterTest afterTest -->
  <testcase classname="com.expleo.Air_irctc.NewTestMain" name="@AfterTest tearDown" time="0.0">
    <skipped/>
  </testcase> <!-- @AfterTest tearDown -->
  <testcase classname="com.expleo.Air_irctc.NewTest" name="AssertionExample" time="0.0">
    <skipped/>
  </testcase> <!-- AssertionExample -->
  <testcase classname="com.expleo.Air_irctc.NewTest1" name="validateDynamicTable" time="0.0">
    <skipped/>
  </testcase> <!-- validateDynamicTable -->
  <testcase classname="com.expleo.Air_irctc.NewTest2" name="login" time="0.0">
    <skipped/>
  </testcase> <!-- login -->
  <testcase classname="com.expleo.Air_irctc.NewTest2" name="logout" time="0.0">
    <skipped/>
  </testcase> <!-- logout -->
  <testcase classname="com.expleo.Air_irctc.NewTest3" name="validatetitle" time="0.0">
    <skipped/>
  </testcase> <!-- validatetitle -->
  <testcase classname="com.expleo.Air_irctc.NewTest5" name="AssertionExample" time="0.0">
    <skipped/>
  </testcase> <!-- AssertionExample -->
  <testcase classname="com.expleo.Air_irctc.NewTestMain" name="validateDynamicTable" time="0.0">
    <skipped/>
  </testcase> <!-- validateDynamicTable -->
</testsuite> <!-- Test -->
